Base path: 'C:/Program Files/Unity/Hub/Editor/2020.3.16f1/Editor/Data', plugins path 'C:/Program Files/Unity/Hub/Editor/2020.3.16f1/Editor/Data/PlaybackEngines'
Cmd: initializeCompiler

Cmd: compileComputeKernel
  insize=4550 file=C:/Users/H From Pluto/Documents/GitHub/csma_302_5/Assets/particleSim3DBoids.compute kernel=CSMain cachingPP=1 ppOnly=0 stripLineD=0 buildPlatform=19 km=<UNITY_VERSION=202039> pKW=UNITY_ENABLE_REFLECTION_BUFFERS UNITY_USE_DITHER_MASK_FOR_ALPHABLENDED_SHADOWS UNITY_PBS_USE_BRDF1 UNITY_SPECCUBE_BOX_PROJECTION UNITY_SPECCUBE_BLENDING UNITY_ENABLE_DETAIL_NORMALMAP SHADER_API_DESKTOP UNITY_COLORSPACE_GAMMA UNITY_LIGHT_PROBE_PROXY_VOLUME UNITY_LIGHTMAP_FULL_HDR uKW=SHADER_STAGE_COMPUTE platform=d3d11 flags=0  error: 1 plat 4 at particleSim3DBoids.compute(75): signed/unsigned mismatch, unsigned assumed
  error: 1 plat 4 at particleSim3DBoids.compute(95): 'i': loop control variable conflicts with a previous declaration in the outer scope; most recent declaration will be used
  error: 1 plat 4 at particleSim3DBoids.compute(96): signed/unsigned mismatch, unsigned assumed
  error: 1 plat 4 at particleSim3DBoids.compute(117): 'i': loop control variable conflicts with a previous declaration in the outer scope; most recent declaration will be used
  error: 1 plat 4 at particleSim3DBoids.compute(119): signed/unsigned mismatch, unsigned assumed
 ok=1 outsize=4230

Cmd: compileSnippet
  insize=3190 file=Assets/Unlit/NewUnlitShader pass=<Unnamed Pass> cachingPP=1 ppOnly=0 stripLineD=0 buildPlatform=19 rsLen=0 pKW=UNITY_ENABLE_REFLECTION_BUFFERS UNITY_USE_DITHER_MASK_FOR_ALPHABLENDED_SHADOWS UNITY_PBS_USE_BRDF1 UNITY_SPECCUBE_BOX_PROJECTION UNITY_SPECCUBE_BLENDING UNITY_ENABLE_DETAIL_NORMALMAP SHADER_API_DESKTOP UNITY_COLORSPACE_GAMMA UNITY_LIGHT_PROBE_PROXY_VOLUME UNITY_LIGHTMAP_FULL_HDR uKW= dKW=UNITY_NO_DXT5nm UNITY_ENABLE_NATIVE_SHADOW_LOOKUPS UNITY_METAL_SHADOWS_USE_POINT_FILTERING UNITY_NO_SCREENSPACE_SHADOWS UNITY_PBS_USE_BRDF2 UNITY_PBS_USE_BRDF3 UNITY_NO_FULL_STANDARD_SHADER UNITY_HARDWARE_TIER1 UNITY_HARDWARE_TIER2 UNITY_HARDWARE_TIER3 UNITY_HALF_PRECISION_FRAGMENT_SHADER_REGISTERS UNITY_LIGHTMAP_DLDR_ENCODING UNITY_LIGHTMAP_RGBM_ENCODING UNITY_VIRTUAL_TEXTURING UNITY_PRETRANSFORM_TO_DISPLAY_ORIENTATION UNITY_ASTC_NORMALMAP_ENCODING SHADER_API_GLES30 flags=0 lang=0 type=Vertex platform=d3d11 reqs=1105899 mask=14 start=27 ok=1 outsize=586

Cmd: compileComputeKernel
  insize=4534 file=C:/Users/H From Pluto/Documents/GitHub/csma_302_5/Assets/particleSim3DBoids.compute kernel=CSMain cachingPP=1 ppOnly=0 stripLineD=0 buildPlatform=19 km=<UNITY_VERSION=202039> pKW=UNITY_ENABLE_REFLECTION_BUFFERS UNITY_USE_DITHER_MASK_FOR_ALPHABLENDED_SHADOWS UNITY_PBS_USE_BRDF1 UNITY_SPECCUBE_BOX_PROJECTION UNITY_SPECCUBE_BLENDING UNITY_ENABLE_DETAIL_NORMALMAP SHADER_API_DESKTOP UNITY_COLORSPACE_GAMMA UNITY_LIGHT_PROBE_PROXY_VOLUME UNITY_LIGHTMAP_FULL_HDR uKW=SHADER_STAGE_COMPUTE platform=d3d11 flags=0  error: 1 plat 4 at particleSim3DBoids.compute(74): signed/unsigned mismatch, unsigned assumed
  error: 1 plat 4 at particleSim3DBoids.compute(95): 'i': loop control variable conflicts with a previous declaration in the outer scope; most recent declaration will be used
  error: 1 plat 4 at particleSim3DBoids.compute(96): signed/unsigned mismatch, unsigned assumed
  error: 1 plat 4 at particleSim3DBoids.compute(118): 'i': loop control variable conflicts with a previous declaration in the outer scope; most recent declaration will be used
 ok=1 outsize=4190

Cmd: compileComputeKernel
  insize=4620 file=C:/Users/H From Pluto/Documents/GitHub/csma_302_5/Assets/particleSim3DBoids.compute kernel=CSMain cachingPP=1 ppOnly=0 stripLineD=0 buildPlatform=19 km=<UNITY_VERSION=202039> pKW=UNITY_ENABLE_REFLECTION_BUFFERS UNITY_USE_DITHER_MASK_FOR_ALPHABLENDED_SHADOWS UNITY_PBS_USE_BRDF1 UNITY_SPECCUBE_BOX_PROJECTION UNITY_SPECCUBE_BLENDING UNITY_ENABLE_DETAIL_NORMALMAP SHADER_API_DESKTOP UNITY_COLORSPACE_GAMMA UNITY_LIGHT_PROBE_PROXY_VOLUME UNITY_LIGHTMAP_FULL_HDR uKW=SHADER_STAGE_COMPUTE platform=d3d11 flags=0  error: 1 plat 4 at particleSim3DBoids.compute(74): signed/unsigned mismatch, unsigned assumed
  error: 1 plat 4 at particleSim3DBoids.compute(94): 'i': loop control variable conflicts with a previous declaration in the outer scope; most recent declaration will be used
  error: 1 plat 4 at particleSim3DBoids.compute(95): signed/unsigned mismatch, unsigned assumed
  error: 1 plat 4 at particleSim3DBoids.compute(117): 'i': loop control variable conflicts with a previous declaration in the outer scope; most recent declaration will be used
 ok=1 outsize=4190

