Base path: 'C:/Program Files/Unity/Hub/Editor/2020.3.16f1/Editor/Data', plugins path 'C:/Program Files/Unity/Hub/Editor/2020.3.16f1/Editor/Data/PlaybackEngines'
Cmd: initializeCompiler

Cmd: compileComputeKernel
  insize=4769 file=C:/Users/H From Pluto/Documents/GitHub/csma_302_5/Assets/particleSim3DBoids.compute kernel=CSMain cachingPP=1 ppOnly=0 stripLineD=0 buildPlatform=19 km=<UNITY_VERSION=202039> pKW=UNITY_ENABLE_REFLECTION_BUFFERS UNITY_USE_DITHER_MASK_FOR_ALPHABLENDED_SHADOWS UNITY_PBS_USE_BRDF1 UNITY_SPECCUBE_BOX_PROJECTION UNITY_SPECCUBE_BLENDING UNITY_ENABLE_DETAIL_NORMALMAP SHADER_API_DESKTOP UNITY_COLORSPACE_GAMMA UNITY_LIGHT_PROBE_PROXY_VOLUME UNITY_LIGHTMAP_FULL_HDR uKW=SHADER_STAGE_COMPUTE platform=d3d11 flags=0  error: 1 plat 4 at particleSim3DBoids.compute(74): signed/unsigned mismatch, unsigned assumed
  error: 1 plat 4 at particleSim3DBoids.compute(84): 'i': loop control variable conflicts with a previous declaration in the outer scope; most recent declaration will be used
  error: 1 plat 4 at particleSim3DBoids.compute(85): signed/unsigned mismatch, unsigned assumed
  error: 1 plat 4 at particleSim3DBoids.compute(104): 'i': loop control variable conflicts with a previous declaration in the outer scope; most recent declaration will be used
  error: 1 plat 4 at particleSim3DBoids.compute(106): signed/unsigned mismatch, unsigned assumed
  error: 1 plat 4 at particleSim3DBoids.compute(124): 'i': loop control variable conflicts with a previous declaration in the outer scope; most recent declaration will be used
  error: 1 plat 4 at particleSim3DBoids.compute(126): signed/unsigned mismatch, unsigned assumed
 ok=1 outsize=4230

Cmd: compileComputeKernel
  insize=4546 file=C:/Users/H From Pluto/Documents/GitHub/csma_302_5/Assets/particleSim3DBoids.compute kernel=CSMain cachingPP=1 ppOnly=0 stripLineD=0 buildPlatform=19 km=<UNITY_VERSION=202039> pKW=UNITY_ENABLE_REFLECTION_BUFFERS UNITY_USE_DITHER_MASK_FOR_ALPHABLENDED_SHADOWS UNITY_PBS_USE_BRDF1 UNITY_SPECCUBE_BOX_PROJECTION UNITY_SPECCUBE_BLENDING UNITY_ENABLE_DETAIL_NORMALMAP SHADER_API_DESKTOP UNITY_COLORSPACE_GAMMA UNITY_LIGHT_PROBE_PROXY_VOLUME UNITY_LIGHTMAP_FULL_HDR uKW=SHADER_STAGE_COMPUTE platform=d3d11 flags=0  error: 1 plat 4 at particleSim3DBoids.compute(75): signed/unsigned mismatch, unsigned assumed
  error: 1 plat 4 at particleSim3DBoids.compute(95): 'i': loop control variable conflicts with a previous declaration in the outer scope; most recent declaration will be used
  error: 1 plat 4 at particleSim3DBoids.compute(96): signed/unsigned mismatch, unsigned assumed
  error: 1 plat 4 at particleSim3DBoids.compute(116): 'i': loop control variable conflicts with a previous declaration in the outer scope; most recent declaration will be used
  error: 1 plat 4 at particleSim3DBoids.compute(118): signed/unsigned mismatch, unsigned assumed
 ok=1 outsize=4230

Cmd: compileComputeKernel
  insize=4231 file=C:/Users/H From Pluto/Documents/GitHub/csma_302_5/Assets/particleSim3DBoids.compute kernel=CSMain cachingPP=1 ppOnly=0 stripLineD=0 buildPlatform=19 km=<UNITY_VERSION=202039> pKW=UNITY_ENABLE_REFLECTION_BUFFERS UNITY_USE_DITHER_MASK_FOR_ALPHABLENDED_SHADOWS UNITY_PBS_USE_BRDF1 UNITY_SPECCUBE_BOX_PROJECTION UNITY_SPECCUBE_BLENDING UNITY_ENABLE_DETAIL_NORMALMAP SHADER_API_DESKTOP UNITY_COLORSPACE_GAMMA UNITY_LIGHT_PROBE_PROXY_VOLUME UNITY_LIGHTMAP_FULL_HDR uKW=SHADER_STAGE_COMPUTE platform=d3d11 flags=0  error: 1 plat 4 at particleSim3DBoids.compute(73): signed/unsigned mismatch, unsigned assumed
  error: 1 plat 4 at particleSim3DBoids.compute(95): 'i': loop control variable conflicts with a previous declaration in the outer scope; most recent declaration will be used
  error: 1 plat 4 at particleSim3DBoids.compute(96): signed/unsigned mismatch, unsigned assumed
  error: 1 plat 4 at particleSim3DBoids.compute(119): 'i': loop control variable conflicts with a previous declaration in the outer scope; most recent declaration will be used
 ok=1 outsize=4304

